[01m[K/home/patrizio/Desktop/pick_delivery/pick_delivery/prog_ws/src/robot_navigation/src/pub.cpp:[m[K In function â€˜[01m[Kint main(int, char**)[m[Kâ€™:
[01m[K/home/patrizio/Desktop/pick_delivery/pick_delivery/prog_ws/src/robot_navigation/src/pub.cpp:33:44:[m[K [01;31m[Kerror: [m[Kâ€˜[01m[Krobot_navigation[m[Kâ€™ was not declared in this scope
   ros::Publisher chatter_pub = n.advertise<[01;31m[Krobot_navigation[m[K::new_goal>("new_goal", 1000);
                                            [01;31m[K^~~~~~~~~~~~~~~~[m[K
[01m[K/home/patrizio/Desktop/pick_delivery/pick_delivery/prog_ws/src/robot_navigation/src/pub.cpp:33:34:[m[K [01;31m[Kerror: [m[Kparse error in template argument list
   ros::Publisher chatter_pub = n.[01;31m[Kadvertise<robot_navigation::new_goal>[m[K("new_goal", 1000);
                                  [01;31m[K^~~~~~~~~~~~~~~~~~~~~~~~~~~~~~~~~~~~~[m[K
[01m[K/home/patrizio/Desktop/pick_delivery/pick_delivery/prog_ws/src/robot_navigation/src/pub.cpp:33:88:[m[K [01;31m[Kerror: [m[Kno matching function for call to â€˜[01m[Kros::NodeHandle::advertise<<expression error> >(const char [9], int)[m[Kâ€™
   ros::Publisher chatter_pub = n.advertise<robot_navigation::new_goal>("new_goal", 1000[01;31m[K)[m[K;
                                                                                        [01;31m[K^[m[K
In file included from [01m[K/opt/ros/melodic/include/ros/ros.h:45:0[m[K,
                 from [01m[K/home/patrizio/Desktop/pick_delivery/pick_delivery/prog_ws/src/robot_navigation/src/pub.cpp:1[m[K:
[01m[K/opt/ros/melodic/include/ros/node_handle.h:249:15:[m[K [01;36m[Knote: [m[Kcandidate: template<class M> ros::Publisher ros::NodeHandle::advertise(const string&, uint32_t, bool)
     Publisher [01;36m[Kadvertise[m[K(const std::string& topic, uint32_t queue_size, bool latch = false)
               [01;36m[K^~~~~~~~~[m[K
[01m[K/opt/ros/melodic/include/ros/node_handle.h:249:15:[m[K [01;36m[Knote: [m[K  template argument deduction/substitution failed:
[01m[K/home/patrizio/Desktop/pick_delivery/pick_delivery/prog_ws/src/robot_navigation/src/pub.cpp:33:88:[m[K [01;31m[Kerror: [m[Ktemplate argument 1 is invalid
   ros::Publisher chatter_pub = n.advertise<robot_navigation::new_goal>("new_goal", 1000[01;31m[K)[m[K;
                                                                                        [01;31m[K^[m[K
In file included from [01m[K/opt/ros/melodic/include/ros/ros.h:45:0[m[K,
                 from [01m[K/home/patrizio/Desktop/pick_delivery/pick_delivery/prog_ws/src/robot_navigation/src/pub.cpp:1[m[K:
[01m[K/opt/ros/melodic/include/ros/node_handle.h:315:13:[m[K [01;36m[Knote: [m[Kcandidate: template<class M> ros::Publisher ros::NodeHandle::advertise(const string&, uint32_t, const SubscriberStatusCallback&, const SubscriberStatusCallback&, const VoidConstPtr&, bool)
   Publisher [01;36m[Kadvertise[m[K(const std::string& topic, uint32_t queue_size,
             [01;36m[K^~~~~~~~~[m[K
[01m[K/opt/ros/melodic/include/ros/node_handle.h:315:13:[m[K [01;36m[Knote: [m[K  template argument deduction/substitution failed:
[01m[K/home/patrizio/Desktop/pick_delivery/pick_delivery/prog_ws/src/robot_navigation/src/pub.cpp:33:88:[m[K [01;31m[Kerror: [m[Ktemplate argument 1 is invalid
   ros::Publisher chatter_pub = n.advertise<robot_navigation::new_goal>("new_goal", 1000[01;31m[K)[m[K;
                                                                                        [01;31m[K^[m[K
make[2]: *** [CMakeFiles/pub.dir/src/pub.cpp.o] Error 1
make[1]: *** [CMakeFiles/pub.dir/all] Error 2
make: *** [all] Error 2
