[  0%] Built target std_msgs_generate_messages_lisp
[  0%] Built target std_msgs_generate_messages_nodejs
[  0%] Built target std_msgs_generate_messages_cpp
[  0%] Built target std_msgs_generate_messages_eus
[  0%] Built target std_msgs_generate_messages_py
[  0%] Built target _robot_navigation_generate_messages_check_deps_new_goal
[ 44%] Built target robot_navigation_generate_messages_py
[ 44%] Built target robot_navigation_generate_messages_eus
[ 55%] Built target robot_navigation_generate_messages_cpp
[ 66%] Built target robot_navigation_generate_messages_lisp
[ 77%] Built target robot_navigation_generate_messages_nodejs
[35m[1mScanning dependencies of target Set_Goal[0m
[ 77%] Built target robot_navigation_generate_messages
[ 88%] [32mBuilding CXX object CMakeFiles/Set_Goal.dir/src/stack_navigation.cpp.o[0m
[01m[K/home/patrizio/Desktop/pick_delivery/pick_delivery/prog_ws/src/robot_navigation/src/stack_navigation.cpp:[m[K In function â€˜[01m[Kint main(int, char**)[m[Kâ€™:
[01m[K/home/patrizio/Desktop/pick_delivery/pick_delivery/prog_ws/src/robot_navigation/src/stack_navigation.cpp:122:53:[m[K [01;31m[Kerror: [m[Kâ€˜[01m[KSetGoal_CallBack[m[Kâ€™ was not declared in this scope
     ros::Subscriber sub=n.subscribe("new_goal",1000,[01;31m[KSetGoal_CallBack[m[K);
                                                     [01;31m[K^~~~~~~~~~~~~~~~[m[K
[01m[K/home/patrizio/Desktop/pick_delivery/pick_delivery/prog_ws/src/robot_navigation/src/stack_navigation.cpp:122:53:[m[K [01;36m[Knote: [m[Ksuggested alternative: â€˜[01m[KsetGoal_CallBack[m[Kâ€™
     ros::Subscriber sub=n.subscribe("new_goal",1000,[01;36m[KSetGoal_CallBack[m[K);
                                                     [01;36m[K^~~~~~~~~~~~~~~~[m[K
                                                     [32m[KsetGoal_CallBack[m[K
CMakeFiles/Set_Goal.dir/build.make:62: recipe for target 'CMakeFiles/Set_Goal.dir/src/stack_navigation.cpp.o' failed
make[2]: *** [CMakeFiles/Set_Goal.dir/src/stack_navigation.cpp.o] Error 1
CMakeFiles/Makefile2:1105: recipe for target 'CMakeFiles/Set_Goal.dir/all' failed
make[1]: *** [CMakeFiles/Set_Goal.dir/all] Error 2
Makefile:140: recipe for target 'all' failed
make: *** [all] Error 2
