[  0%] Built target std_msgs_generate_messages_lisp
[  0%] Built target std_msgs_generate_messages_nodejs
[  0%] Built target std_msgs_generate_messages_eus
[  0%] Built target std_msgs_generate_messages_cpp
[  0%] Built target std_msgs_generate_messages_py
[  0%] Built target _robot_navigation_generate_messages_check_deps_new_goal
[  9%] Built target robot_navigation_generate_messages_lisp
[ 27%] Built target robot_navigation_generate_messages_eus
[ 36%] Built target robot_navigation_generate_messages_nodejs
[ 63%] Built target robot_navigation_generate_messages_cpp
[ 63%] Built target robot_navigation_generate_messages_py
[35m[1mScanning dependencies of target pub[0m
[35m[1mScanning dependencies of target Set_Goal[0m
[ 63%] Built target robot_navigation_generate_messages
[ 72%] [32mBuilding CXX object CMakeFiles/pub.dir/src/pub.cpp.o[0m
[ 81%] [32mBuilding CXX object CMakeFiles/Set_Goal.dir/src/stack_navigation.cpp.o[0m
[ 90%] [32m[1mLinking CXX executable /home/patrizio/Desktop/pick_delivery/pick_delivery/prog_ws/devel/.private/robot_navigation/lib/robot_navigation/pub[0m
[ 90%] Built target pub
[01m[K/home/patrizio/Desktop/pick_delivery/pick_delivery/prog_ws/src/robot_navigation/src/stack_navigation.cpp:[m[K In function â€˜[01m[Kvoid setGoal_CallBack(const new_goal&)[m[Kâ€™:
[01m[K/home/patrizio/Desktop/pick_delivery/pick_delivery/prog_ws/src/robot_navigation/src/stack_navigation.cpp:161:27:[m[K [01;31m[Kerror: [m[Kcannot convert â€˜[01m[Kstd::queue<std::vector<float> >::empty[m[Kâ€™ from type â€˜[01m[Kbool (std::queue<std::vector<float> >::)() const[m[Kâ€™ to type â€˜[01m[Kbool[m[Kâ€™
                 if(q.empty[01;31m[K)[m[K{
                           [01;31m[K^[m[K
CMakeFiles/Set_Goal.dir/build.make:62: recipe for target 'CMakeFiles/Set_Goal.dir/src/stack_navigation.cpp.o' failed
make[2]: *** [CMakeFiles/Set_Goal.dir/src/stack_navigation.cpp.o] Error 1
CMakeFiles/Makefile2:67: recipe for target 'CMakeFiles/Set_Goal.dir/all' failed
make[1]: *** [CMakeFiles/Set_Goal.dir/all] Error 2
Makefile:140: recipe for target 'all' failed
make: *** [all] Error 2
