[01m[K/home/patrizio/Desktop/pick_delivery/pick_delivery/prog_ws/src/robot_navigation/src/stack_navigation.cpp:[m[K In function â€˜[01m[Kvoid setGoal_CallBack(const new_goal&)[m[Kâ€™:
[01m[K/home/patrizio/Desktop/pick_delivery/pick_delivery/prog_ws/src/robot_navigation/src/stack_navigation.cpp:50:5:[m[K [01;31m[Kerror: [m[Kexpected â€˜[01m[K;[m[Kâ€™ before â€˜[01m[Knew_goal_message[m[Kâ€™
     [01;31m[Knew_goal_message[m[K.pose.position.x=new_goal.x;
     [01;31m[K^~~~~~~~~~~~~~~~[m[K
[01m[K/home/patrizio/Desktop/pick_delivery/pick_delivery/prog_ws/src/robot_navigation/src/stack_navigation.cpp:52:36:[m[K [01;31m[Kerror: [m[Kno match for â€˜[01m[Koperator=[m[Kâ€™ (operand types are â€˜[01m[Kgeometry_msgs::Pose_<std::allocator<void> >::_position_type {aka geometry_msgs::Point_<std::allocator<void> >}[m[Kâ€™ and â€˜[01m[Kint[m[Kâ€™)
     new_goal_message.pose.position=[01;31m[K0[m[K;
                                    [01;31m[K^[m[K
In file included from [01m[K/opt/ros/melodic/include/geometry_msgs/Pose.h:18:0[m[K,
                 from [01m[K/opt/ros/melodic/include/geometry_msgs/PoseWithCovariance.h:18[m[K,
                 from [01m[K/opt/ros/melodic/include/nav_msgs/Odometry.h:19[m[K,
                 from [01m[K/home/patrizio/Desktop/pick_delivery/pick_delivery/prog_ws/src/robot_navigation/src/stack_navigation.cpp:2[m[K:
[01m[K/opt/ros/melodic/include/geometry_msgs/Point.h:22:8:[m[K [01;36m[Knote: [m[Kcandidate: constexpr geometry_msgs::Point_<std::allocator<void> >& geometry_msgs::Point_<std::allocator<void> >::operator=(const geometry_msgs::Point_<std::allocator<void> >&)
 struct [01;36m[KPoint_[m[K
        [01;36m[K^~~~~~[m[K
[01m[K/opt/ros/melodic/include/geometry_msgs/Point.h:22:8:[m[K [01;36m[Knote: [m[K  no known conversion for argument 1 from â€˜[01m[Kint[m[Kâ€™ to â€˜[01m[Kconst geometry_msgs::Point_<std::allocator<void> >&[m[Kâ€™
[01m[K/opt/ros/melodic/include/geometry_msgs/Point.h:22:8:[m[K [01;36m[Knote: [m[Kcandidate: constexpr geometry_msgs::Point_<std::allocator<void> >& geometry_msgs::Point_<std::allocator<void> >::operator=(geometry_msgs::Point_<std::allocator<void> >&&)
[01m[K/opt/ros/melodic/include/geometry_msgs/Point.h:22:8:[m[K [01;36m[Knote: [m[K  no known conversion for argument 1 from â€˜[01m[Kint[m[Kâ€™ to â€˜[01m[Kgeometry_msgs::Point_<std::allocator<void> >&&[m[Kâ€™
[01m[K/home/patrizio/Desktop/pick_delivery/pick_delivery/prog_ws/src/robot_navigation/src/stack_navigation.cpp:54:42:[m[K [01;31m[Kerror: [m[Kexpected â€˜[01m[K;[m[Kâ€™ before â€˜[01m[K:[m[Kâ€™ token
     new_goal_message.pose.orientation.x=0[01;31m[K:[m[K
                                          [01;31m[K^[m[K
[01m[K/home/patrizio/Desktop/pick_delivery/pick_delivery/prog_ws/src/robot_navigation/src/stack_navigation.cpp:56:39:[m[K [01;31m[Kerror: [m[Kâ€˜[01m[Kgeometry_msgs::Pose_<std::allocator<void> >::_orientation_type {aka struct geometry_msgs::Quaternion_<std::allocator<void> >}[m[Kâ€™ has no member named â€˜[01m[Ktheta[m[Kâ€™
     new_goal_message.pose.orientation.[01;31m[Ktheta[m[K=0;
                                       [01;31m[K^~~~~[m[K
[01m[K/home/patrizio/Desktop/pick_delivery/pick_delivery/prog_ws/src/robot_navigation/src/stack_navigation.cpp:[m[K At global scope:
[01m[K/home/patrizio/Desktop/pick_delivery/pick_delivery/prog_ws/src/robot_navigation/src/stack_navigation.cpp:66:35:[m[K [01;31m[Kerror: [m[Kâ€˜[01m[Kmsgs[m[Kâ€™ in namespace â€˜[01m[Ktf2[m[Kâ€™ does not name a type
 void position_CallBack(const tf2::[01;31m[Kmsgs[m[K::TFMessage& tf){
                                   [01;31m[K^~~~[m[K
[01m[K/home/patrizio/Desktop/pick_delivery/pick_delivery/prog_ws/src/robot_navigation/src/stack_navigation.cpp:66:50:[m[K [01;31m[Kerror: [m[Kexpected unqualified-id before â€˜[01m[K&[m[Kâ€™ token
 void position_CallBack(const tf2::msgs::TFMessage[01;31m[K&[m[K tf){
                                                  [01;31m[K^[m[K
[01m[K/home/patrizio/Desktop/pick_delivery/pick_delivery/prog_ws/src/robot_navigation/src/stack_navigation.cpp:66:50:[m[K [01;31m[Kerror: [m[Kexpected â€˜[01m[K)[m[Kâ€™ before â€˜[01m[K&[m[Kâ€™ token
[01m[K/home/patrizio/Desktop/pick_delivery/pick_delivery/prog_ws/src/robot_navigation/src/stack_navigation.cpp:66:52:[m[K [01;31m[Kerror: [m[Kexpected initializer before â€˜[01m[Ktf[m[Kâ€™
 void position_CallBack(const tf2::msgs::TFMessage& [01;31m[Ktf[m[K){
                                                    [01;31m[K^~[m[K
[01m[K/home/patrizio/Desktop/pick_delivery/pick_delivery/prog_ws/src/robot_navigation/src/stack_navigation.cpp:[m[K In function â€˜[01m[Kint main(int, char**)[m[Kâ€™:
[01m[K/home/patrizio/Desktop/pick_delivery/pick_delivery/prog_ws/src/robot_navigation/src/stack_navigation.cpp:116:36:[m[K [01;31m[Kerror: [m[Kâ€˜[01m[Kgeomtry_msgs[m[Kâ€™ was not declared in this scope
     ros::Publisher pub=n.advertise<[01;31m[Kgeomtry_msgs[m[K::PoseStamped>("/move_base_simple/goal",1000);
                                    [01;31m[K^~~~~~~~~~~~[m[K
[01m[K/home/patrizio/Desktop/pick_delivery/pick_delivery/prog_ws/src/robot_navigation/src/stack_navigation.cpp:116:26:[m[K [01;31m[Kerror: [m[Kparse error in template argument list
     ros::Publisher pub=n.[01;31m[Kadvertise<geomtry_msgs::PoseStamped>[m[K("/move_base_simple/goal",1000);
                          [01;31m[K^~~~~~~~~~~~~~~~~~~~~~~~~~~~~~~~~~~~[m[K
[01m[K/home/patrizio/Desktop/pick_delivery/pick_delivery/prog_ws/src/robot_navigation/src/stack_navigation.cpp:116:92:[m[K [01;31m[Kerror: [m[Kno matching function for call to â€˜[01m[Kros::NodeHandle::advertise<<expression error> >(const char [23], int)[m[Kâ€™
     ros::Publisher pub=n.advertise<geomtry_msgs::PoseStamped>("/move_base_simple/goal",1000[01;31m[K)[m[K;
                                                                                            [01;31m[K^[m[K
In file included from [01m[K/opt/ros/melodic/include/ros/ros.h:45:0[m[K,
                 from [01m[K/home/patrizio/Desktop/pick_delivery/pick_delivery/prog_ws/src/robot_navigation/src/stack_navigation.cpp:1[m[K:
[01m[K/opt/ros/melodic/include/ros/node_handle.h:249:15:[m[K [01;36m[Knote: [m[Kcandidate: template<class M> ros::Publisher ros::NodeHandle::advertise(const string&, uint32_t, bool)
     Publisher [01;36m[Kadvertise[m[K(const std::string& topic, uint32_t queue_size, bool latch = false)
               [01;36m[K^~~~~~~~~[m[K
[01m[K/opt/ros/melodic/include/ros/node_handle.h:249:15:[m[K [01;36m[Knote: [m[K  template argument deduction/substitution failed:
[01m[K/home/patrizio/Desktop/pick_delivery/pick_delivery/prog_ws/src/robot_navigation/src/stack_navigation.cpp:116:92:[m[K [01;31m[Kerror: [m[Ktemplate argument 1 is invalid
     ros::Publisher pub=n.advertise<geomtry_msgs::PoseStamped>("/move_base_simple/goal",1000[01;31m[K)[m[K;
                                                                                            [01;31m[K^[m[K
In file included from [01m[K/opt/ros/melodic/include/ros/ros.h:45:0[m[K,
                 from [01m[K/home/patrizio/Desktop/pick_delivery/pick_delivery/prog_ws/src/robot_navigation/src/stack_navigation.cpp:1[m[K:
[01m[K/opt/ros/melodic/include/ros/node_handle.h:315:13:[m[K [01;36m[Knote: [m[Kcandidate: template<class M> ros::Publisher ros::NodeHandle::advertise(const string&, uint32_t, const SubscriberStatusCallback&, const SubscriberStatusCallback&, const VoidConstPtr&, bool)
   Publisher [01;36m[Kadvertise[m[K(const std::string& topic, uint32_t queue_size,
             [01;36m[K^~~~~~~~~[m[K
[01m[K/opt/ros/melodic/include/ros/node_handle.h:315:13:[m[K [01;36m[Knote: [m[K  template argument deduction/substitution failed:
[01m[K/home/patrizio/Desktop/pick_delivery/pick_delivery/prog_ws/src/robot_navigation/src/stack_navigation.cpp:116:92:[m[K [01;31m[Kerror: [m[Ktemplate argument 1 is invalid
     ros::Publisher pub=n.advertise<geomtry_msgs::PoseStamped>("/move_base_simple/goal",1000[01;31m[K)[m[K;
                                                                                            [01;31m[K^[m[K
[01m[K/home/patrizio/Desktop/pick_delivery/pick_delivery/prog_ws/src/robot_navigation/src/stack_navigation.cpp:122:53:[m[K [01;31m[Kerror: [m[Kâ€˜[01m[KSetGoal_CallBack[m[Kâ€™ was not declared in this scope
     ros::Subscriber sub=n.subscribe("new_goal",1000,[01;31m[KSetGoal_CallBack[m[K);
                                                     [01;31m[K^~~~~~~~~~~~~~~~[m[K
[01m[K/home/patrizio/Desktop/pick_delivery/pick_delivery/prog_ws/src/robot_navigation/src/stack_navigation.cpp:122:53:[m[K [01;36m[Knote: [m[Ksuggested alternative: â€˜[01m[KsetGoal_CallBack[m[Kâ€™
     ros::Subscriber sub=n.subscribe("new_goal",1000,[01;36m[KSetGoal_CallBack[m[K);
                                                     [01;36m[K^~~~~~~~~~~~~~~~[m[K
                                                     [32m[KsetGoal_CallBack[m[K
[01m[K/home/patrizio/Desktop/pick_delivery/pick_delivery/prog_ws/src/robot_navigation/src/stack_navigation.cpp:123:50:[m[K [01;31m[Kerror: [m[Kâ€˜[01m[Kposition_CallBack[m[Kâ€™ was not declared in this scope
     ros::Subscriber sub_tf=n.subscribe("tf",1000,[01;31m[Kposition_CallBack[m[K);
                                                  [01;31m[K^~~~~~~~~~~~~~~~~[m[K
[01m[K/home/patrizio/Desktop/pick_delivery/pick_delivery/prog_ws/src/robot_navigation/src/stack_navigation.cpp:123:50:[m[K [01;36m[Knote: [m[Ksuggested alternative: â€˜[01m[KsetGoal_CallBack[m[Kâ€™
     ros::Subscriber sub_tf=n.subscribe("tf",1000,[01;36m[Kposition_CallBack[m[K);
                                                  [01;36m[K^~~~~~~~~~~~~~~~~[m[K
                                                  [32m[KsetGoal_CallBack[m[K
make[2]: *** [CMakeFiles/Set_Goal.dir/src/stack_navigation.cpp.o] Error 1
make[1]: *** [CMakeFiles/Set_Goal.dir/all] Error 2
make: *** [all] Error 2
