[01m[K/home/patrizio/Desktop/pick_delivery/pick_delivery/prog_ws/src/robot_navigation/src/pub.cpp:[m[K In function â€˜[01m[Kint main(int, char**)[m[Kâ€™:
[01m[K/home/patrizio/Desktop/pick_delivery/pick_delivery/prog_ws/src/robot_navigation/src/pub.cpp:64:27:[m[K [01;31m[Kerror: [m[Kâ€˜[01m[Kgoal[m[Kâ€™ was not declared in this scope
       chatter_pub.publish([01;31m[Kgoal[m[K);
                           [01;31m[K^~~~[m[K
[01m[K/home/patrizio/Desktop/pick_delivery/pick_delivery/prog_ws/src/robot_navigation/src/pub.cpp:64:27:[m[K [01;36m[Knote: [m[Ksuggested alternative: â€˜[01m[Kpowl[m[Kâ€™
       chatter_pub.publish([01;36m[Kgoal[m[K);
                           [01;36m[K^~~~[m[K
                           [32m[Kpowl[m[K
make[2]: *** [CMakeFiles/pub.dir/src/pub.cpp.o] Error 1
make[1]: *** [CMakeFiles/pub.dir/all] Error 2
make: *** [all] Error 2
